<?xml version="1.0" encoding="utf-8"?><testsuites name="pytest tests"><testsuite name="pytest" errors="0" failures="2" skipped="0" tests="97" time="66.736" timestamp="2026-08-25T13:02:09.575198+00:00" hostname="agent-env-299c7ec4-5706-4fc0-8d59-f5fd76b9e282"><testcase classname="tests.backend_test.TestAuth" name="test_root" time="0.164" /><testcase classname="tests.backend_test.TestAuth" name="test_login_success" time="0.495" /><testcase classname="tests.backend_test.TestLeads" name="test_list_leads" time="0.690" /><testcase classname="tests.backend_test.TestAuth" name="test_login_bad_password" time="0.414" /><testcase classname="tests.backend_test.TestLeads" name="test_filter_by_status" time="0.078" /><testcase classname="tests.backend_test.TestLeads" name="test_filter_by_source_and_q" time="0.337" /><testcase classname="tests.backend_test.TestAuth" name="test_login_unknown_email" time="0.190" /><testcase classname="tests.backend_test.TestLeads" name="test_create_and_get_lead" time="0.202" /><testcase classname="tests.backend_test.TestAuth" name="test_seeded_sales_user_login" time="0.432" /><testcase classname="tests.backend_test.TestLeads" name="test_create_lead_validation" time="0.070" /><testcase classname="tests.backend_test.TestLeads" name="test_get_missing_lead_404" time="0.277" /><testcase classname="tests.backend_test.TestLeads" name="test_update_lead_persists" time="0.203" /><testcase classname="tests.backend_test.TestAuth" name="test_me_requires_auth" time="0.133" /><testcase classname="tests.backend_test.TestAuth" name="test_me_invalid_token" time="0.137" /><testcase classname="tests.backend_test.TestLeads" name="test_update_missing_lead_404" time="0.065" /><testcase classname="tests.backend_test.TestLeads" name="test_stage_change_and_customer_creation" time="0.765" /><testcase classname="tests.backend_test.TestAuth" name="test_me" time="0.497" /><testcase classname="tests.backend_test.TestAuth" name="test_register_duplicate_email" time="0.127" /><testcase classname="tests.backend_test.TestAuth" name="test_logout" time="0.051" /><testcase classname="tests.backend_test.TestLeads" name="test_stage_invalid_status" time="0.314" /><testcase classname="tests.test_phase2.TestRoleIsolation" name="test_sales_sees_only_own_leads" time="0.503" /><testcase classname="tests.backend_test.TestLeads" name="test_stage_missing_lead_404" time="0.070" /><testcase classname="tests.backend_test.TestLeads" name="test_calls_flow" time="0.357" /><testcase classname="tests.test_phase2.TestRoleIsolation" name="test_sales_403_on_other_lead" time="0.496" /><testcase classname="tests.backend_test.TestLeads" name="test_call_missing_lead_404" time="0.063" /><testcase classname="tests.backend_test.TestLeads" name="test_whatsapp_flow" time="0.206" /><testcase classname="tests.test_phase2.TestRoleIsolation" name="test_sales_cannot_delete" time="0.227" /><testcase classname="tests.backend_test.TestLeads" name="test_whatsapp_validation" time="0.189" /><testcase classname="tests.test_phase2.TestRoleIsolation" name="test_sales_cannot_call_other_lead" time="0.225" /><testcase classname="tests.backend_test.TestLeads" name="test_delete_lead" time="0.252" /><testcase classname="tests.test_phase2.TestRoleIsolation" name="test_admin_sees_org_leads" time="0.059" /><testcase classname="tests.backend_test.TestLeads" name="test_leads_require_auth" time="0.757" /><testcase classname="tests.test_phase2.TestRoleIsolation" name="test_team_endpoint_scoped_for_sales" time="0.069" /><testcase classname="tests.test_phase2.TestRoleIsolation" name="test_dashboard_stats_scoped_for_sales" time="0.188" /><testcase classname="tests.test_phase2.TestRoleIsolation" name="test_customers_scoped_for_sales" time="0.127" /><testcase classname="tests.test_phase2.TestRoleIsolation" name="test_team_leader_full_access" time="0.477" /><testcase classname="tests.backend_test.TestDashboard" name="test_stats" time="0.116" /><testcase classname="tests.backend_test.TestDashboard" name="test_stats_requires_auth" time="0.200" /><testcase classname="tests.test_phase2.TestOutboundCall" name="test_initiate_and_complete" time="0.353" /><testcase classname="tests.backend_test.TestDashboard" name="test_activities" time="0.063" /><testcase classname="tests.backend_test.TestDashboard" name="test_team" time="0.083" /><testcase classname="tests.backend_test.TestDashboard" name="test_search" time="0.166" /><testcase classname="tests.test_phase2.TestOutboundCall" name="test_initiate_missing_lead_404" time="0.059" /><testcase classname="tests.test_phase2.TestOutboundCall" name="test_complete_missing_call_404" time="0.054" /><testcase classname="tests.test_phase2.TestOutboundCall" name="test_complete_requires_auth" time="0.188" /><testcase classname="tests.backend_test.TestDashboard" name="test_search_missing_q" time="0.063" /><testcase classname="tests.backend_test.TestDashboard" name="test_users_list" time="0.114" /><testcase classname="tests.test_phase2.TestOutboundCall" name="test_recording_404_when_absent" time="0.110" /><testcase classname="tests.backend_test.TestFollowUps" name="test_list_followups" time="0.069" /><testcase classname="tests.backend_test.TestFollowUps" name="test_scope_filters" time="0.216" /><testcase classname="tests.test_phase2.TestOutboundCall" name="test_legacy_log_call" time="0.173" /><testcase classname="tests.test_phase2.TestOutboundCall" name="test_legacy_log_call_missing_lead_404" time="0.118" /><testcase classname="tests.backend_test.TestFollowUps" name="test_create_complete_reschedule" time="1.233" /><testcase classname="tests.test_auth_hardening.TestAuthHardening" name="test_login_returns_bearer_token_no_cookie" time="0.438" /><testcase classname="tests.test_auth_hardening.TestAuthHardening" name="test_brute_force_lockout" time="2.580"><failure message="AssertionError: no brute-force lockout: 6 failed logins returned [401, 401, 401, 401, 401, 401]&#10;assert False&#10; +  where False = any(&lt;generator object TestAuthHardening.test_brute_force_lockout.&lt;locals&gt;.&lt;genexpr&gt; at 0xfcbc236cfed0&gt;)">self = &lt;test_auth_hardening.TestAuthHardening object at 0xfcbc236f6cd0&gt;
base_url = 'https://myklick-sales.preview.emergentagent.com'
test_credentials = {'email': 'support@route39.in', 'password': 'myklick123'}

    def test_brute_force_lockout(self, base_url, test_credentials):
        """6 wrong passwords in a row -&gt; expect 429/423 lockout if implemented."""
        codes = []
        for _ in range(6):
            rr = requests.post(f"{base_url}/api/auth/login",
                               json={"email": test_credentials["email"], "password": "wrong-pass"},
                               timeout=30)
            codes.append(rr.status_code)
        print("brute-force codes:", codes)
        # correct password must still work (no permanent lockout of a valid account)
        ok = requests.post(f"{base_url}/api/auth/login", json=test_credentials, timeout=30)
        assert ok.status_code in (200, 429), ok.text[:200]
&gt;       assert any(c in (429, 423) for c in codes), \
            f"no brute-force lockout: 6 failed logins returned {codes}"
E       AssertionError: no brute-force lockout: 6 failed logins returned [401, 401, 401, 401, 401, 401]
E       assert False
E        +  where False = any(&lt;generator object TestAuthHardening.test_brute_force_lockout.&lt;locals&gt;.&lt;genexpr&gt; at 0xfcbc236cfed0&gt;)

tests/test_auth_hardening.py:29: AssertionError</failure></testcase><testcase classname="tests.backend_test.TestFollowUps" name="test_complete_missing_404" time="0.095" /><testcase classname="tests.backend_test.TestFollowUps" name="test_reschedule_missing_returns_404" time="0.266" /><testcase classname="tests.backend_test.TestFollowUps" name="test_followup_missing_lead_404" time="0.102" /><testcase classname="tests.test_phase2.TestExotelWhatsAppWebhook" name="test_inbound_message_idempotent" time="1.112" /><testcase classname="tests.test_phase2.TestExotelWhatsAppWebhook" name="test_message_status_updates_existing" time="0.859" /><testcase classname="tests.test_auth_hardening.TestAuthHardening" name="test_cors_explicit_origin_with_credentials" time="0.099" /><testcase classname="tests.test_auth_hardening.TestAuthHardening" name="test_password_hash_never_leaks" time="0.615" /><testcase classname="tests.test_phase2.TestExotelWhatsAppWebhook" name="test_status_duplicate_reports_duplicate" time="0.547" /><testcase classname="tests.test_auth_hardening.TestAuthHardening" name="test_all_documented_credentials_work" time="2.267" /><testcase classname="tests.test_phase2.TestExotelWhatsAppWebhook" name="test_missing_message_id_400" time="0.199" /><testcase classname="tests.test_phase2.TestExotelWhatsAppWebhook" name="test_verification_challenge" time="1.078" /><testcase classname="tests.backend_test.TestCustomers" name="test_list_customers" time="0.255" /><testcase classname="tests.backend_test.TestCustomers" name="test_get_customer_detail" time="0.346" /><testcase classname="tests.backend_test.TestCustomers" name="test_get_customer_404" time="0.077" /><testcase classname="tests.test_phase2.TestExotelCallWebhook" name="test_idempotent_update" time="1.214" /><testcase classname="tests.test_iteration3_fixes.TestTeamLeaderAccount" name="test_team_leader_can_login" time="0.412" /><testcase classname="tests.test_iteration3_fixes.TestTeamLeaderAccount" name="test_team_leader_sees_full_org" time="31.055" /><testcase classname="tests.test_phase2.TestExotelCallWebhook" name="test_incoming_unknown_sid_matches_lead_by_phone" time="21.065" /><testcase classname="tests.test_phase2.TestExotelCallWebhook" name="test_missing_callsid_400" time="7.450" /><testcase classname="tests.test_phase2.TestExotelCallWebhook" name="test_webhook_is_public" time="19.491" /><testcase classname="tests.test_iteration3_fixes.TestTeamLeaderAccount" name="test_all_documented_credentials_work" time="3.218" /><testcase classname="tests.test_iteration3_fixes.TestTeamScoping" name="test_sales_sees_only_self" time="7.828" /><testcase classname="tests.test_iteration3_fixes.TestTeamScoping" name="test_admin_sees_all" time="0.152" /><testcase classname="tests.test_iteration3_fixes.TestTeamScoping" name="test_team_leader_sees_all" time="0.485" /><testcase classname="tests.test_phase2.TestBriefing" name="test_briefing_admin" time="0.080" /><testcase classname="tests.test_phase2.TestBriefing" name="test_briefing_sales_scoped" time="0.629" /><testcase classname="tests.test_phase2.TestBriefing" name="test_briefing_requires_auth" time="0.112" /><testcase classname="tests.test_phase2.TestCustomerDetail" name="test_detail_arrays" time="0.146" /><testcase classname="tests.test_phase2.TestCustomerDetail" name="test_detail_404" time="0.069" /><testcase classname="tests.test_phase2.TestCustomerDetail" name="test_detail_requires_auth" time="0.144" /><testcase classname="tests.test_iteration3_fixes.TestCustomerData" name="test_no_future_converted_at_and_converted_by_present" time="0.552" /><testcase classname="tests.test_iteration3_fixes.TestCustomerData" name="test_customer_detail_has_converted_by" time="8.459" /><testcase classname="tests.test_phase2.TestConfig" name="test_config_admin" time="0.058" /><testcase classname="tests.test_phase2.TestConfig" name="test_config_sales" time="0.547" /><testcase classname="tests.test_phase2.TestConfig" name="test_config_requires_auth" time="0.157" /><testcase classname="tests.test_phase2.TestWhatsAppSend" name="test_send_via_mock_adapter" time="0.160" /><testcase classname="tests.test_phase2.TestWhatsAppSend" name="test_send_missing_text_422" time="0.117" /><testcase classname="tests.test_iteration3_fixes.TestWhatsAppStatusDuplicate" name="test_duplicate_status_returns_duplicate_flag" time="0.811"><failure message="AssertionError: {&quot;detail&quot;:&quot;Missing message id&quot;}&#10;assert 400 == 200&#10; +  where 400 = &lt;Response [400]&gt;.status_code">self = &lt;test_iteration3_fixes.TestWhatsAppStatusDuplicate object at 0xfcbc23714390&gt;
admin = {'Authorization': 'Bearer eyJhbGciOiJIUzI1NiIsInR5cCI6IkpXVCJ9.eyJzdWIiOiJhZmJhYzFhYi1jYzY3LTQ0MTEtYjRmZS03N2U4OTg5OWU...6InN1cHBvcnRAcm91dGUzOS5pbiIsImV4cCI6MTc4ODI2Nzc5MiwidHlwZSI6ImFjY2VzcyJ9.GqrmWYx_k_NiB7NzLUaixZIlPyHqZoTdNXV_6QzN-LA'}

    def test_duplicate_status_returns_duplicate_flag(self, admin):
        leads = requests.get(f"{BASE}/api/leads?limit=1", headers=admin, timeout=30).json()
        lead = (leads if isinstance(leads, list) else leads["items"])[0]
        send = requests.post(f"{BASE}/api/leads/{lead['id']}/whatsapp",
                             headers=admin, json={"text": "TEST_dup_status"}, timeout=30)
        assert send.status_code in (200, 201), send.text[:300]
        pid = send.json().get("provider_message_id") or send.json().get("message", {}).get("provider_message_id")
        assert pid, send.json()
        payload = {"message_status": {"id": pid, "status": "delivered"}}
        first = requests.post(f"{BASE}/api/webhooks/exotel/whatsapp", json=payload, timeout=30)
&gt;       assert first.status_code == 200, first.text[:200]
E       AssertionError: {"detail":"Missing message id"}
E       assert 400 == 200
E        +  where 400 = &lt;Response [400]&gt;.status_code

tests/test_iteration3_fixes.py:93: AssertionError</failure></testcase><testcase classname="tests.test_iteration3_fixes.TestLeadAccess" name="test_sales_gets_403_on_other_lead" time="0.806" /><testcase classname="tests.test_phase2.TestLeadEditHistory" name="test_edit_logs_activities" time="0.363" /><testcase classname="tests.test_iteration3_fixes.TestBriefingContract" name="test_briefing_items_expose_lead_id" time="0.218" /><testcase classname="tests.test_iteration3_fixes.TestBriefingContract" name="test_call_start_with_briefing_lead_id" time="0.431" /></testsuite></testsuites>